<?xml version="1.0" encoding="utf-8"?><testsuites name="pytest tests"><testsuite name="pytest" errors="0" failures="0" skipped="0" tests="4" time="2.487" timestamp="2026-07-01T06:43:48.757108+00:00" hostname="9a8289c126f4"><testcase classname="test_system_diagnostics" name="test_system_graph_profiling" time="2.456" /><testcase classname="test_agentic_diagnostics" name="test_logical_ast_quality" time="0.005" /><testcase classname="test_agentic_diagnostics" name="test_sagnac_velocity_decay" time="0.001" /><testcase classname="test_agentic_diagnostics" name="test_repl_compilation_safety" time="0.001" /></testsuite></testsuites>